# JRE version: 7.0_25-b17
# Java VM: Java HotSpot(TM) 64-Bit Server VM (23.25-b01 mixed mode windows-amd64 compressed oops)
Heap
 PSYoungGen      total 32832K, used 13332K [0x00000007d5600000, 0x00000007d7e20000, 0x0000000800000000)
  eden space 26112K, 36% used [0x00000007d5600000,0x00000007d5f4d0d0,0x00000007d6f80000)
  from space 6720K, 56% used [0x00000007d7790000,0x00000007d7b48000,0x00000007d7e20000)
  to   space 7488K, 0% used [0x00000007d6f80000,0x00000007d6f80000,0x00000007d76d0000)
 ParOldGen       total 87296K, used 5433K [0x0000000780200000, 0x0000000785740000, 0x00000007d5600000)
  object space 87296K, 6% used [0x0000000780200000,0x000000078074e5e0,0x0000000785740000)
 PSPermGen       total 21248K, used 3072K [0x000000077b000000, 0x000000077c4c0000, 0x0000000780200000)
  object space 21248K, 14% used [0x000000077b000000,0x000000077b300180,0x000000077c4c0000)
GC Heap History (10 events):
Event: 15.120 GC heap before
{Heap before GC invocations=10 (full 0):
 PSYoungGen      total 32448K, used 32448K [0x00000007d5600000, 0x00000007d81f0000, 0x0000000800000000)
  eden space 29120K, 100% used [0x00000007d5600000,0x00000007d7270000,0x00000007d7270000)
  from space 3328K, 100% used [0x00000007d7320000,0x00000007d7660000,0x00000007d7660000)
  to   space 7936K, 0% used [0x00000007d7a30000,0x00000007d7a30000,0x00000007d81f0000)
 ParOldGen       total 87296K, used 5137K [0x0000000780200000, 0x0000000785740000, 0x00000007d5600000)
  object space 87296K, 5% used [0x0000000780200000,0x00000007807045e0,0x0000000785740000)
 PSPermGen       total 21248K, used 3044K [0x000000077b000000, 0x000000077c4c0000, 0x0000000780200000)
  object space 21248K, 14% used [0x000000077b000000,0x000000077b2f92a8,0x000000077c4c0000)
Event: 15.121 GC heap after
Heap after GC invocations=10 (full 0):
 PSYoungGen      total 35776K, used 3616K [0x00000007d5600000, 0x00000007d8150000, 0x0000000800000000)
  eden space 28480K, 0% used [0x00000007d5600000,0x00000007d5600000,0x00000007d71d0000)
  from space 7296K, 49% used [0x00000007d7a30000,0x00000007d7db8000,0x00000007d8150000)
  to   space 7936K, 0% used [0x00000007d71d0000,0x00000007d71d0000,0x00000007d7990000)
 ParOldGen       total 87296K, used 5185K [0x0000000780200000, 0x0000000785740000, 0x00000007d5600000)
  object space 87296K, 5% used [0x0000000780200000,0x00000007807105e0,0x0000000785740000)
 PSPermGen       total 21248K, used 3044K [0x000000077b000000, 0x000000077c4c0000, 0x0000000780200000)
  object space 21248K, 14% used [0x000000077b000000,0x000000077b2f92a8,0x000000077c4c0000)
}
Event: 16.465 GC heap before
{Heap before GC invocations=11 (full 0):
 PSYoungGen      total 35776K, used 32096K [0x00000007d5600000, 0x00000007d8150000, 0x0000000800000000)
  eden space 28480K, 100% used [0x00000007d5600000,0x00000007d71d0000,0x00000007d71d0000)
  from space 7296K, 49% used [0x00000007d7a30000,0x00000007d7db8000,0x00000007d8150000)
  to   space 7936K, 0% used [0x00000007d71d0000,0x00000007d71d0000,0x00000007d7990000)
 ParOldGen       total 87296K, used 5185K [0x0000000780200000, 0x0000000785740000, 0x00000007d5600000)
  object space 87296K, 5% used [0x0000000780200000,0x00000007807105e0,0x0000000785740000)
 PSPermGen       total 21248K, used 3044K [0x000000077b000000, 0x000000077c4c0000, 0x0000000780200000)
  object space 21248K, 14% used [0x000000077b000000,0x000000077b2f92a8,0x000000077c4c0000)
Event: 16.467 GC heap after
Heap after GC invocations=11 (full 0):
 PSYoungGen      total 31104K, used 3264K [0x00000007d5600000, 0x00000007d80b0000, 0x0000000800000000)
  eden space 27840K, 0% used [0x00000007d5600000,0x00000007d5600000,0x00000007d7130000)
  from space 3264K, 100% used [0x00000007d71d0000,0x00000007d7500000,0x00000007d7500000)
  to   space 7936K, 0% used [0x00000007d78f0000,0x00000007d78f0000,0x00000007d80b0000)
 ParOldGen       total 87296K, used 5257K [0x0000000780200000, 0x0000000785740000, 0x00000007d5600000)
  object space 87296K, 6% used [0x0000000780200000,0x00000007807225e0,0x0000000785740000)
 PSPermGen       total 21248K, used 3044K [0x000000077b000000, 0x000000077c4c0000, 0x0000000780200000)
  object space 21248K, 14% used [0x000000077b000000,0x000000077b2f92a8,0x000000077c4c0000)
}
Event: 17.803 GC heap before
{Heap before GC invocations=12 (full 0):
 PSYoungGen      total 31104K, used 31104K [0x00000007d5600000, 0x00000007d80b0000, 0x0000000800000000)
  eden space 27840K, 100% used [0x00000007d5600000,0x00000007d7130000,0x00000007d7130000)
  from space 3264K, 100% used [0x00000007d71d0000,0x00000007d7500000,0x00000007d7500000)
  to   space 7936K, 0% used [0x00000007d78f0000,0x00000007d78f0000,0x00000007d80b0000)
 ParOldGen       total 87296K, used 5257K [0x0000000780200000, 0x0000000785740000, 0x00000007d5600000)
  object space 87296K, 6% used [0x0000000780200000,0x00000007807225e0,0x0000000785740000)
 PSPermGen       total 21248K, used 3044K [0x000000077b000000, 0x000000077c4c0000, 0x0000000780200000)
  object space 21248K, 14% used [0x000000077b000000,0x000000077b2f92a8,0x000000077c4c0000)
Event: 17.804 GC heap after
Heap after GC invocations=12 (full 0):
 PSYoungGen      total 34496K, used 3360K [0x00000007d5600000, 0x00000007d8000000, 0x0000000800000000)
  eden space 27264K, 0% used [0x00000007d5600000,0x00000007d5600000,0x00000007d70a0000)
  from space 7232K, 46% used [0x00000007d78f0000,0x00000007d7c38000,0x00000007d8000000)
  to   space 7872K, 0% used [0x00000007d70a0000,0x00000007d70a0000,0x00000007d7850000)
 ParOldGen       total 87296K, used 5305K [0x0000000780200000, 0x0000000785740000, 0x00000007d5600000)
  object space 87296K, 6% used [0x0000000780200000,0x000000078072e5e0,0x0000000785740000)
 PSPermGen       total 21248K, used 3044K [0x000000077b000000, 0x000000077c4c0000, 0x0000000780200000)
  object space 21248K, 14% used [0x000000077b000000,0x000000077b2f92a8,0x000000077c4c0000)
}
Event: 19.159 GC heap before
{Heap before GC invocations=13 (full 0):
 PSYoungGen      total 34496K, used 30624K [0x00000007d5600000, 0x00000007d8000000, 0x0000000800000000)
  eden space 27264K, 100% used [0x00000007d5600000,0x00000007d70a0000,0x00000007d70a0000)
  from space 7232K, 46% used [0x00000007d78f0000,0x00000007d7c38000,0x00000007d8000000)
  to   space 7872K, 0% used [0x00000007d70a0000,0x00000007d70a0000,0x00000007d7850000)
 ParOldGen       total 87296K, used 5305K [0x0000000780200000, 0x0000000785740000, 0x00000007d5600000)
  object space 87296K, 6% used [0x0000000780200000,0x000000078072e5e0,0x0000000785740000)
 PSPermGen       total 21248K, used 3045K [0x000000077b000000, 0x000000077c4c0000, 0x0000000780200000)
  object space 21248K, 14% used [0x000000077b000000,0x000000077b2f9558,0x000000077c4c0000)
Event: 19.160 GC heap after
Heap after GC invocations=13 (full 0):
 PSYoungGen      total 30528K, used 3808K [0x00000007d5600000, 0x00000007d7f10000, 0x0000000800000000)
  eden space 26688K, 0% used [0x00000007d5600000,0x00000007d5600000,0x00000007d7010000)
  from space 3840K, 99% used [0x00000007d70a0000,0x00000007d7458000,0x00000007d7460000)
  to   space 7680K, 0% used [0x00000007d7790000,0x00000007d7790000,0x00000007d7f10000)
 ParOldGen       total 87296K, used 5369K [0x0000000780200000, 0x0000000785740000, 0x00000007d5600000)
  object space 87296K, 6% used [0x0000000780200000,0x000000078073e5e0,0x0000000785740000)
 PSPermGen       total 21248K, used 3045K [0x000000077b000000, 0x000000077c4c0000, 0x0000000780200000)
  object space 21248K, 14% used [0x000000077b000000,0x000000077b2f9558,0x000000077c4c0000)
}
Event: 20.375 GC heap before
{Heap before GC invocations=14 (full 0):
 PSYoungGen      total 30528K, used 30496K [0x00000007d5600000, 0x00000007d7f10000, 0x0000000800000000)
  eden space 26688K, 100% used [0x00000007d5600000,0x00000007d7010000,0x00000007d7010000)
  from space 3840K, 99% used [0x00000007d70a0000,0x00000007d7458000,0x00000007d7460000)
  to   space 7680K, 0% used [0x00000007d7790000,0x00000007d7790000,0x00000007d7f10000)
 ParOldGen       total 87296K, used 5369K [0x0000000780200000, 0x0000000785740000, 0x00000007d5600000)
  object space 87296K, 6% used [0x0000000780200000,0x000000078073e5e0,0x0000000785740000)
 PSPermGen       total 21248K, used 3045K [0x000000077b000000, 0x000000077c4c0000, 0x0000000780200000)
  object space 21248K, 14% used [0x000000077b000000,0x000000077b2f9670,0x000000077c4c0000)
Event: 20.377 GC heap after
Heap after GC invocations=14 (full 0):
 PSYoungGen      total 32832K, used 3808K [0x00000007d5600000, 0x00000007d7e20000, 0x0000000800000000)
  eden space 26112K, 0% used [0x00000007d5600000,0x00000007d5600000,0x00000007d6f80000)
  from space 6720K, 56% used [0x00000007d7790000,0x00000007d7b48000,0x00000007d7e20000)
  to   space 7488K, 0% used [0x00000007d6f80000,0x00000007d6f80000,0x00000007d76d0000)
 ParOldGen       total 87296K, used 5433K [0x0000000780200000, 0x0000000785740000, 0x00000007d5600000)
  object space 87296K, 6% used [0x0000000780200000,0x000000078074e5e0,0x0000000785740000)
 PSPermGen       total 21248K, used 3045K [0x000000077b000000, 0x000000077c4c0000, 0x0000000780200000)
  object space 21248K, 14% used [0x000000077b000000,0x000000077b2f9670,0x000000077c4c0000)
}

